# JRE version: OpenJDK Runtime Environment (8.0_112-b05) (build 1.8.0_112-release-b05)
# Java VM: OpenJDK 64-Bit Server VM (25.112-b05 mixed mode bsd-amd64 compressed oops)
Heap:
 PSYoungGen      total 470528K, used 357290K [0x00000007a0000000, 0x00000007bf700000, 0x00000007c0000000)
  eden space 434176K, 80% used [0x00000007a0000000,0x00000007b53ba940,0x00000007ba800000)
  from space 36352K, 25% used [0x00000007bd380000,0x00000007bdcb0020,0x00000007bf700000)
  to   space 40448K, 0% used [0x00000007ba800000,0x00000007ba800000,0x00000007bcf80000)
 ParOldGen       total 264192K, used 38828K [0x0000000760000000, 0x0000000770200000, 0x00000007a0000000)
  object space 264192K, 14% used [0x0000000760000000,0x00000007625eb0c8,0x0000000770200000)
 Metaspace       used 71441K, capacity 76290K, committed 76544K, reserved 1116160K
  class space    used 8983K, capacity 9638K, committed 9728K, reserved 1048576K
GC Heap History (10 events):
Event: 1443.890 GC heap before
{Heap before GC invocations=37 (full 10):
 PSYoungGen      total 417792K, used 1170K [0x00000007a0000000, 0x00000007bf580000, 0x00000007c0000000)
  eden space 416256K, 0% used [0x00000007a0000000,0x00000007a0000000,0x00000007b9680000)
  from space 1536K, 76% used [0x00000007b9680000,0x00000007b97a4960,0x00000007b9800000)
  to   space 48640K, 0% used [0x00000007bc600000,0x00000007bc600000,0x00000007bf580000)
 ParOldGen       total 264192K, used 41497K [0x0000000760000000, 0x0000000770200000, 0x00000007a0000000)
  object space 264192K, 15% used [0x0000000760000000,0x00000007628867b0,0x0000000770200000)
 Metaspace       used 69968K, capacity 73386K, committed 73600K, reserved 1114112K
  class space    used 8771K, capacity 9286K, committed 9344K, reserved 1048576K
Event: 1444.155 GC heap after
Heap after GC invocations=37 (full 10):
 PSYoungGen      total 417792K, used 0K [0x00000007a0000000, 0x00000007bf580000, 0x00000007c0000000)
  eden space 416256K, 0% used [0x00000007a0000000,0x00000007a0000000,0x00000007b9680000)
  from space 1536K, 0% used [0x00000007b9680000,0x00000007b9680000,0x00000007b9800000)
  to   space 48640K, 0% used [0x00000007bc600000,0x00000007bc600000,0x00000007bf580000)
 ParOldGen       total 264192K, used 41010K [0x0000000760000000, 0x0000000770200000, 0x00000007a0000000)
  object space 264192K, 15% used [0x0000000760000000,0x000000076280c870,0x0000000770200000)
 Metaspace       used 69968K, capacity 73386K, committed 73600K, reserved 1114112K
  class space    used 8771K, capacity 9286K, committed 9344K, reserved 1048576K
}
Event: 1582.364 GC heap before
{Heap before GC invocations=38 (full 10):
 PSYoungGen      total 417792K, used 335105K [0x00000007a0000000, 0x00000007bf580000, 0x00000007c0000000)
  eden space 416256K, 80% used [0x00000007a0000000,0x00000007b4740410,0x00000007b9680000)
  from space 1536K, 0% used [0x00000007b9680000,0x00000007b9680000,0x00000007b9800000)
  to   space 48640K, 0% used [0x00000007bc600000,0x00000007bc600000,0x00000007bf580000)
 ParOldGen       total 264192K, used 41010K [0x0000000760000000, 0x0000000770200000, 0x00000007a0000000)
  object space 264192K, 15% used [0x0000000760000000,0x000000076280c870,0x0000000770200000)
 Metaspace       used 70336K, capacity 73960K, committed 74240K, reserved 1114112K
  class space    used 8824K, capacity 9345K, committed 9472K, reserved 1048576K
Event: 1582.371 GC heap after
Heap after GC invocations=38 (full 10):
 PSYoungGen      total 459776K, used 2712K [0x00000007a0000000, 0x00000007bf080000, 0x00000007c0000000)
  eden space 416256K, 0% used [0x00000007a0000000,0x00000007a0000000,0x00000007b9680000)
  from space 43520K, 6% used [0x00000007bc600000,0x00000007bc8a6240,0x00000007bf080000)
  to   space 46080K, 0% used [0x00000007b9680000,0x00000007b9680000,0x00000007bc380000)
 ParOldGen       total 264192K, used 41018K [0x0000000760000000, 0x0000000770200000, 0x00000007a0000000)
  object space 264192K, 15% used [0x0000000760000000,0x000000076280e870,0x0000000770200000)
 Metaspace       used 70336K, capacity 73960K, committed 74240K, reserved 1114112K
  class space    used 8824K, capacity 9345K, committed 9472K, reserved 1048576K
}
Event: 1582.372 GC heap before
{Heap before GC invocations=39 (full 11):
 PSYoungGen      total 459776K, used 2712K [0x00000007a0000000, 0x00000007bf080000, 0x00000007c0000000)
  eden space 416256K, 0% used [0x00000007a0000000,0x00000007a0000000,0x00000007b9680000)
  from space 43520K, 6% used [0x00000007bc600000,0x00000007bc8a6240,0x00000007bf080000)
  to   space 46080K, 0% used [0x00000007b9680000,0x00000007b9680000,0x00000007bc380000)
 ParOldGen       total 264192K, used 41018K [0x0000000760000000, 0x0000000770200000, 0x00000007a0000000)
  object space 264192K, 15% used [0x0000000760000000,0x000000076280e870,0x0000000770200000)
 Metaspace       used 70336K, capacity 73960K, committed 74240K, reserved 1114112K
  class space    used 8824K, capacity 9345K, committed 9472K, reserved 1048576K
Event: 1582.655 GC heap after
Heap after GC invocations=39 (full 11):
 PSYoungGen      total 459776K, used 0K [0x00000007a0000000, 0x00000007bf080000, 0x00000007c0000000)
  eden space 416256K, 0% used [0x00000007a0000000,0x00000007a0000000,0x00000007b9680000)
  from space 43520K, 0% used [0x00000007bc600000,0x00000007bc600000,0x00000007bf080000)
  to   space 46080K, 0% used [0x00000007b9680000,0x00000007b9680000,0x00000007bc380000)
 ParOldGen       total 264192K, used 38828K [0x0000000760000000, 0x0000000770200000, 0x00000007a0000000)
  object space 264192K, 14% used [0x0000000760000000,0x00000007625eb0c8,0x0000000770200000)
 Metaspace       used 69705K, capacity 73168K, committed 74240K, reserved 1114112K
  class space    used 8713K, capacity 9195K, committed 9472K, reserved 1048576K
}
Event: 1697.769 GC heap before
{Heap before GC invocations=40 (full 11):
 PSYoungGen      total 459776K, used 416256K [0x00000007a0000000, 0x00000007bf080000, 0x00000007c0000000)
  eden space 416256K, 100% used [0x00000007a0000000,0x00000007b9680000,0x00000007b9680000)
  from space 43520K, 0% used [0x00000007bc600000,0x00000007bc600000,0x00000007bf080000)
  to   space 46080K, 0% used [0x00000007b9680000,0x00000007b9680000,0x00000007bc380000)
 ParOldGen       total 264192K, used 38828K [0x0000000760000000, 0x0000000770200000, 0x00000007a0000000)
  object space 264192K, 14% used [0x0000000760000000,0x00000007625eb0c8,0x0000000770200000)
 Metaspace       used 70814K, capacity 75560K, committed 76032K, reserved 1116160K
  class space    used 8916K, capacity 9551K, committed 9728K, reserved 1048576K
Event: 1697.788 GC heap after
Heap after GC invocations=40 (full 11):
 PSYoungGen      total 462336K, used 3968K [0x00000007a0000000, 0x00000007bfe80000, 0x00000007c0000000)
  eden space 416256K, 0% used [0x00000007a0000000,0x00000007a0000000,0x00000007b9680000)
  from space 46080K, 8% used [0x00000007b9680000,0x00000007b9a60020,0x00000007bc380000)
  to   space 44032K, 0% used [0x00000007bd380000,0x00000007bd380000,0x00000007bfe80000)
 ParOldGen       total 264192K, used 38828K [0x0000000760000000, 0x0000000770200000, 0x00000007a0000000)
  object space 264192K, 14% used [0x0000000760000000,0x00000007625eb0c8,0x0000000770200000)
 Metaspace       used 70814K, capacity 75560K, committed 76032K, reserved 1116160K
  class space    used 8916K, capacity 9551K, committed 9728K, reserved 1048576K
}
Event: 1707.193 GC heap before
{Heap before GC invocations=41 (full 11):
 PSYoungGen      total 462336K, used 419491K [0x00000007a0000000, 0x00000007bfe80000, 0x00000007c0000000)
  eden space 416256K, 99% used [0x00000007a0000000,0x00000007b95c8ee0,0x00000007b9680000)
  from space 46080K, 8% used [0x00000007b9680000,0x00000007b9a60020,0x00000007bc380000)
  to   space 44032K, 0% used [0x00000007bd380000,0x00000007bd380000,0x00000007bfe80000)
 ParOldGen       total 264192K, used 38828K [0x0000000760000000, 0x0000000770200000, 0x00000007a0000000)
  object space 264192K, 14% used [0x0000000760000000,0x00000007625eb0c8,0x0000000770200000)
 Metaspace       used 71045K, capacity 75940K, committed 76288K, reserved 1116160K
  class space    used 8927K, capacity 9565K, committed 9728K, reserved 1048576K
Event: 1707.211 GC heap after
Heap after GC invocations=41 (full 11):
 PSYoungGen      total 470528K, used 9408K [0x00000007a0000000, 0x00000007bf700000, 0x00000007c0000000)
  eden space 434176K, 0% used [0x00000007a0000000,0x00000007a0000000,0x00000007ba800000)
  from space 36352K, 25% used [0x00000007bd380000,0x00000007bdcb0020,0x00000007bf700000)
  to   space 40448K, 0% used [0x00000007ba800000,0x00000007ba800000,0x00000007bcf80000)
 ParOldGen       total 264192K, used 38828K [0x0000000760000000, 0x0000000770200000, 0x00000007a0000000)
  object space 264192K, 14% used [0x0000000760000000,0x00000007625eb0c8,0x0000000770200000)
 Metaspace       used 71045K, capacity 75940K, committed 76288K, reserved 1116160K
  class space    used 8927K, capacity 9565K, committed 9728K, reserved 1048576K
}

